<?xml version='1.0'?>
<ns2:test-suite xmlns:ns2='urn:model.allure.qatools.yandex.ru' start='1665940088681' stop='1665940089402'>
    <name>Sauce Demo - Product Order</name>
    <title>Sauce Demo - Product Order</title>
    <test-cases>
        <test-case start='1665940088681' status='broken' stop='1665940089401'>
            <name>"before all" hook for Sauce Demo - Product Order</name>
            <title>"before all" hook for Sauce Demo - Product Order</title>
            <labels>
                <label name='language' value='javascript'/>
                <label name='framework' value='wdio'/>
                <label name='thread' value='0-0'/>
            </labels>
            <parameters>
                <parameter kind='argument' name='browser' value='chrome-106.0.5249.119'/>
            </parameters>
            <steps/>
            <attachments/>
            <failure>
                <message>browser.sauceLogin is not a function</message>
                <stack-trace>TypeError: browser.sauceLogin is not a function
                    at Context.&lt;anonymous> (C:\Users\hp\Desktop\WDIO\WebdriverIO-PageObjectModel\test\specs\Test2.js:4:21)</stack-trace>
            </failure>
        </test-case>
        <test-case start='1665940089401' status='broken' stop='1665940089402'>
            <name>"after all" hook for Sauce Demo - Product Order</name>
            <title>"after all" hook for Sauce Demo - Product Order</title>
            <labels>
                <label name='language' value='javascript'/>
                <label name='framework' value='wdio'/>
                <label name='thread' value='0-0'/>
            </labels>
            <parameters>
                <parameter kind='argument' name='browser' value='chrome-106.0.5249.119'/>
            </parameters>
            <steps/>
            <attachments/>
            <failure>
                <message>browser.sauceLogout is not a function</message>
                <stack-trace>TypeError: browser.sauceLogout is not a function
                    at Context.&lt;anonymous> (C:\Users\hp\Desktop\WDIO\WebdriverIO-PageObjectModel\test\specs\Test2.js:8:21)
                    at Context.executeAsync (C:\Users\hp\Desktop\WDIO\WebdriverIO-PageObjectModel\node_modules\@wdio\utils\build\shim.js:333:27)
                    at Context.testFrameworkFnWrapper (C:\Users\hp\Desktop\WDIO\WebdriverIO-PageObjectModel\node_modules\@wdio\utils\build\test-framework\testFnWrapper.js:51:32)</stack-trace>
            </failure>
        </test-case>
    </test-cases>
</ns2:test-suite>